00:00:00.000193 main     VirtualBox XPCOM Server 7.0.18 r162988 linux.amd64 (May  3 2024 17:29:05) release log
00:00:00.000195 main     Log opened 2024-07-12T14:50:11.165748000Z
00:00:00.000195 main     Build Type: release
00:00:00.000197 main     OS Product: Linux
00:00:00.000197 main     OS Release: 6.9.8-arch1-1
00:00:00.000198 main     OS Version: #1 SMP PREEMPT_DYNAMIC Fri, 05 Jul 2024 22:11:24 +0000
00:00:00.000217 main     DMI Product Name: To Be Filled By O.E.M.
00:00:00.000226 main     DMI Product Version: To Be Filled By O.E.M.
00:00:00.000230 main     Firmware type: UEFI
00:00:00.000318 main     Secure Boot: Disabled
00:00:00.000351 main     Host RAM: 5852MB (5.7GB) total, 3884MB (3.7GB) available
00:00:00.000353 main     Executable: /usr/lib/virtualbox/VBoxSVC
00:00:00.000353 main     Process ID: 295733
00:00:00.000353 main     Package type: LINUX_64BITS_GENERIC (OSE)
00:00:00.001994 main     IPC socket path: /tmp/.vbox-gabriel-ipc/ipcd
00:00:00.107933 nspr-2   VirtualBox: object creation starts
00:00:00.108083 nspr-2   Home directory: '/home/gabriel/.config/VirtualBox'
00:00:00.108224 nspr-2   Loading settings file "/home/gabriel/.config/VirtualBox/VirtualBox.xml" with version "1.12-linux"
00:00:00.108867 nspr-2   HostDnsMonitor: initializing
00:00:00.109001 nspr-2   NAT: resolv.conf: nameserver 8.8.8.8
00:00:00.109006 nspr-2   NAT: resolv.conf: nameserver 1.1.1.1
00:00:00.109012 nspr-2   HostDnsMonitor: updating information
00:00:00.109021 nspr-2   HostDnsMonitor: old information
00:00:00.109023 nspr-2     no server entries
00:00:00.109025 nspr-2     no domain set
00:00:00.109026 nspr-2     no search string entries
00:00:00.109028 nspr-2   HostDnsMonitor: new information
00:00:00.109030 nspr-2     server 1: 8.8.8.8
00:00:00.109031 nspr-2     server 2: 1.1.1.1
00:00:00.109033 nspr-2     no domain set
00:00:00.109035 nspr-2     no search string entries
00:00:00.110406 nspr-2   Failed to open "/dev/vboxdrvu", errno=2, rc=VERR_VM_DRIVER_NOT_INSTALLED
00:00:00.110549 nspr-2   VD: VDInit finished with VINF_SUCCESS
00:00:00.110628 nspr-2   ERROR [COM]: aRC=NS_ERROR_FAILURE (0x80004005) aIID={aac6c7cb-a371-4c58-ab51-0616896b2f2c} aComponent={SystemPropertiesWrap} aText={Cannot determine default Guest Additions ISO location. Most likely they are not available}, preserve=false aResultDetail=0
00:00:00.111441 nspr-2   VirtualBox: object created
00:00:00.773607 nspr-3   WARNING [COM]: aRC=NS_ERROR_FAILURE (0x80004005) aIID={e54f6256-97a7-4947-8a78-10c013ddf4b8} aComponent={HostWrap} aText={Could not load the Host USB Proxy service: VERR_NOT_FOUND}, preserve=false aResultDetail=0
00:00:01.148330 nspr-3   Saving settings file "/home/gabriel/.config/VirtualBox/VirtualBox.xml" with version "1.12-linux"
00:00:01.150314 nspr-3   Finished saving settings file "/home/gabriel/.config/VirtualBox/VirtualBox.xml"
00:00:03.032077 nspr-3   ERROR [COM]: aRC=NS_ERROR_FAILURE (0x80004005) aIID={aac6c7cb-a371-4c58-ab51-0616896b2f2c} aComponent={SystemPropertiesWrap} aText={Cannot determine default Guest Additions ISO location. Most likely they are not available}, preserve=false aResultDetail=0
00:00:12.112715 nspr-3   Unattended: RTVfsQueryPathInfo(, '\OS2IMAGE/DISK_0/OS2LDR' (from OS2SE20.SRC),) -> VERR_PATH_NOT_FOUND, fMode=0x0
00:00:12.138706 nspr-3   Saving settings file "/home/gabriel/.config/VirtualBox/VirtualBox.xml" with version "1.12-linux"
00:00:12.140513 nspr-3   Finished saving settings file "/home/gabriel/.config/VirtualBox/VirtualBox.xml"
00:00:12.142593 nspr-4   Saving settings file "/home/gabriel/.config/VirtualBox/VirtualBox.xml" with version "1.12-linux"
00:00:12.144486 nspr-4   Finished saving settings file "/home/gabriel/.config/VirtualBox/VirtualBox.xml"
00:00:41.445058 createBase Saving settings file "/home/gabriel/.config/VirtualBox/VirtualBox.xml" with version "1.12-linux"
00:00:41.447320 createBase Finished saving settings file "/home/gabriel/.config/VirtualBox/VirtualBox.xml"
00:00:41.455563 nspr-4   WARNING [COM]: aRC=NS_ERROR_FAILURE (0x80004005) aIID={e54f6256-97a7-4947-8a78-10c013ddf4b8} aComponent={HostWrap} aText={Could not load the Host USB Proxy service: VERR_NOT_FOUND}, preserve=true aResultDetail=0
00:00:41.456787 nspr-4   Saving settings file "/home/gabriel/VirtualBox VMs/cristal/cristal.vbox" with version "1.19-linux"
00:00:41.462536 nspr-4   Finished saving settings file "/home/gabriel/VirtualBox VMs/cristal/cristal.vbox"
00:00:41.462643 nspr-4   Saving settings file "/home/gabriel/.config/VirtualBox/VirtualBox.xml" with version "1.12-linux"
00:00:41.464290 nspr-4   Finished saving settings file "/home/gabriel/.config/VirtualBox/VirtualBox.xml"
00:00:41.468212 nspr-3   Saving settings file "/home/gabriel/.config/VirtualBox/VirtualBox.xml" with version "1.12-linux"
00:00:41.470310 nspr-3   Finished saving settings file "/home/gabriel/.config/VirtualBox/VirtualBox.xml"
00:00:41.472836 nspr-5   Saving settings file "/home/gabriel/.config/VirtualBox/VirtualBox.xml" with version "1.12-linux"
00:00:41.474914 nspr-5   Finished saving settings file "/home/gabriel/.config/VirtualBox/VirtualBox.xml"
00:00:41.475360 nspr-4   Saving settings file "/home/gabriel/VirtualBox VMs/cristal/cristal.vbox" with version "1.19-linux"
00:00:41.476994 nspr-4   Finished saving settings file "/home/gabriel/VirtualBox VMs/cristal/cristal.vbox"
00:00:41.506053 nspr-3   Saving settings file "/home/gabriel/.config/VirtualBox/VirtualBox.xml" with version "1.12-linux"
00:00:41.508089 nspr-3   Finished saving settings file "/home/gabriel/.config/VirtualBox/VirtualBox.xml"
00:00:41.873397 nspr-2   WARNING [COM]: aRC=NS_ERROR_FAILURE (0x80004005) aIID={e54f6256-97a7-4947-8a78-10c013ddf4b8} aComponent={HostWrap} aText={Could not load the Host USB Proxy service: VERR_NOT_FOUND}, preserve=true aResultDetail=0
00:00:41.898650 nspr-2   ERROR [COM]: aRC=VBOX_E_INVALID_VM_STATE (0x80bb0002) aIID={300763af-5d6b-46e6-aa96-273eac15538a} aComponent={MachineWrap} aText={The machine is not mutable (state is PoweredOff)}, preserve=false aResultDetail=0
00:00:41.900220 nspr-5   Failed to open "/dev/vboxdrvu", errno=2, rc=VERR_VM_DRIVER_NOT_INSTALLED
00:00:42.057798 nspr-3   WARNING [COM]: aRC=NS_ERROR_FAILURE (0x80004005) aIID={e54f6256-97a7-4947-8a78-10c013ddf4b8} aComponent={HostWrap} aText={Could not load the Host USB Proxy service: VERR_NOT_FOUND}, preserve=true aResultDetail=0
00:00:42.059023 nspr-3   WARNING [COM]: aRC=NS_ERROR_FAILURE (0x80004005) aIID={e54f6256-97a7-4947-8a78-10c013ddf4b8} aComponent={HostWrap} aText={Could not load the Host USB Proxy service: VERR_NOT_FOUND}, preserve=true aResultDetail=0
00:00:42.981626 nspr-4   Launched VM: 3221351968 pid: 301218 (0x498a2) frontend: GUI/Qt name: cristal
00:00:43.018807 nspr-5   ERROR [COM]: aRC=VBOX_E_INVALID_VM_STATE (0x80bb0002) aIID={300763af-5d6b-46e6-aa96-273eac15538a} aComponent={MachineWrap} aText={The machine is not mutable (state is PoweredOff)}, preserve=false aResultDetail=0
00:00:43.020746 nspr-5   Failed to open "/dev/vboxdrvu", errno=2, rc=VERR_VM_DRIVER_NOT_INSTALLED
00:00:43.049455 nspr-5   WARNING [COM]: aRC=NS_ERROR_FAILURE (0x80004005) aIID={e54f6256-97a7-4947-8a78-10c013ddf4b8} aComponent={HostWrap} aText={Could not load the Host USB Proxy service: VERR_NOT_FOUND}, preserve=true aResultDetail=0
00:00:43.050977 nspr-5   WARNING [COM]: aRC=NS_ERROR_FAILURE (0x80004005) aIID={e54f6256-97a7-4947-8a78-10c013ddf4b8} aComponent={HostWrap} aText={Could not load the Host USB Proxy service: VERR_NOT_FOUND}, preserve=true aResultDetail=0
00:00:43.481905 Watcher  ERROR [COM]: aRC=NS_ERROR_FAILURE (0x80004005) aIID={300763af-5d6b-46e6-aa96-273eac15538a} aComponent={MachineWrap} aText={The virtual machine 'cristal' has terminated unexpectedly during startup with exit code 1 (0x1)}, preserve=false aResultDetail=0
00:00:43.517346 nspr-2   ERROR [COM]: aRC=VBOX_E_INVALID_VM_STATE (0x80bb0002) aIID={300763af-5d6b-46e6-aa96-273eac15538a} aComponent={MachineWrap} aText={The machine is not mutable (state is PoweredOff)}, preserve=false aResultDetail=0
00:00:43.518379 nspr-4   Failed to open "/dev/vboxdrvu", errno=2, rc=VERR_VM_DRIVER_NOT_INSTALLED
00:00:43.545105 nspr-2   WARNING [COM]: aRC=NS_ERROR_FAILURE (0x80004005) aIID={e54f6256-97a7-4947-8a78-10c013ddf4b8} aComponent={HostWrap} aText={Could not load the Host USB Proxy service: VERR_NOT_FOUND}, preserve=true aResultDetail=0
00:00:43.546666 nspr-2   WARNING [COM]: aRC=NS_ERROR_FAILURE (0x80004005) aIID={e54f6256-97a7-4947-8a78-10c013ddf4b8} aComponent={HostWrap} aText={Could not load the Host USB Proxy service: VERR_NOT_FOUND}, preserve=true aResultDetail=0
00:01:38.556907 main     VirtualBox: object deletion starts
00:01:38.556966 main     ERROR [COM]: aRC=VBOX_E_OBJECT_IN_USE (0x80bb000c) aIID={ad47ad09-787b-44ab-b343-a082a3f2dfb1} aComponent={MediumWrap} aText={Medium '/home/gabriel/VirtualBox VMs/cristal/cristal.vdi' cannot be closed because it is still attached to 1 virtual machines}, preserve=false aResultDetail=0
00:01:38.557496 main     HostDnsMonitor: shutting down ...
00:01:38.557720 main     HostDnsMonitor: shut down
00:01:38.568165 Watcher  ERROR [COM]: aRC=E_ACCESSDENIED (0x80070005) aIID={7682d5eb-f00e-44f1-8ca2-99d08b1cd607} aComponent={VirtualBoxWrap} aText={The object is not ready}, preserve=false aResultDetail=0
00:01:38.568224 main     VirtualBox: object deleted
